<?xml version="1.0" encoding="UTF-8"?>
<testExecutions version="1">
  <file path="/home/sylk/20230308_black_knight/__tests__/chess.test.js">
    <testCase name="Placing pieces Black king to H8" duration="1"/>
    <testCase name="Placing pieces Black king to A1" duration="0"/>
  </file>
</testExecutions>