<?xml version="1.0" encoding="UTF-8"?>
<testExecutions version="1">
  <file path="/home/sylk/20230308_black_knight/bdd/features/coordinatefeature.steps.js">
    <testCase name="Board coordinates Coordinate H8 is on the lower left corner from the black&apos;s perspective" duration="2"/>
    <testCase name="Board coordinates Coordinate A1 is on the top right corner from the black&apos;s perspective" duration="0"/>
    <testCase name="Board coordinates Coordinate H8 and H7 is on the lower left corner from the black&apos;s perspective" duration="1"/>
  </file>
  <file path="/home/sylk/20230308_black_knight/bdd/features/kingincheckfeature.steps.js">
    <testCase name="Determining whether a king is in check Pawn before king in same H column is not check" duration="2"/>
    <testCase name="Determining whether a king is in check Pawn diagonally before king in adjacent column is in check" duration="0"/>
    <testCase name="Determining whether a king is in check Pawn before king in same G column is not in check" duration="1"/>
  </file>
</testExecutions>